<?xml version="1.0" encoding="UTF-8"?>
<!-- Generated by org.testng.reporters.JUnitReportReporter -->
<testsuite hostname="Abhireddy-PC" failures="0" tests="1" name="praticelab1.Add_Methods" time="31.967" errors="0" timestamp="18 Nov 2021 09:27:55 GMT" skipped="0">
  <testcase classname="praticelab1.Add_Methods" name="Add_jobs_Test" time="31.967"/>
</testsuite> <!-- praticelab1.Add_Methods -->
