<?xml version="1.0" encoding="UTF-8"?>
<!-- Generated by org.testng.reporters.JUnitReportReporter -->
<testsuite hostname="Abhireddy-PC" failures="0" tests="1" name="praticelab1.launch" time="12.857" errors="0" timestamp="17 Nov 2021 04:40:28 GMT" skipped="0">
  <testcase classname="praticelab1.launch" name="browse" time="12.857"/>
</testsuite> <!-- praticelab1.launch -->
