<?xml version="1.0" encoding="UTF-8"?>
<!-- Generated by org.testng.reporters.JUnitReportReporter -->
<testsuite hostname="Abhireddy-PC" failures="0" tests="1" name="praticelab1.TC01_Add_jobs2Test" time="31.973" errors="0" timestamp="18 Nov 2021 09:08:51 GMT" skipped="0">
  <testcase classname="praticelab1.TC01_Add_jobs2Test" name="Add_jobs_Test" time="31.973"/>
</testsuite> <!-- praticelab1.TC01_Add_jobs2Test -->
